2020-11-17 11:48:47,819 [Worker-5: Loading available Gradle versions] INFO  o.e.b.c.i.u.g.PublishedGradleVersions - Gradle version information cache is up-to-date. Trying to read.
2020-11-17 12:01:00,503 [Worker-4: Loading available Gradle versions] INFO  o.e.b.c.i.u.g.PublishedGradleVersions - Gradle version information cache is up-to-date. Trying to read.
2020-11-17 12:01:40,760 [main] WARN  org.eclipse.jgit.lib.Repository - close() called when useCnt is already zero for Repository[C:\Users\soldesk\git\repository\.git]
2020-11-17 12:03:22,493 [Framework stop - Equinox Container: b255a410-b173-419d-b357-a1598b21eea7] WARN  org.eclipse.jgit.lib.Repository - close() called when useCnt is already zero for Repository[C:\Users\soldesk\eclipse-workspace\member\.git]
2020-11-17 12:13:06,289 [Worker-3: Loading available Gradle versions] INFO  o.e.b.c.i.u.g.PublishedGradleVersions - Gradle version information cache is up-to-date. Trying to read.
2020-11-17 12:37:34,062 [Worker-13: Loading available Gradle versions] INFO  o.e.b.c.i.u.g.PublishedGradleVersions - Gradle version information cache is up-to-date. Trying to read.
2020-11-17 13:09:39,604 [Worker-28: Remove Repositories] WARN  org.eclipse.jgit.lib.Repository - close() called when useCnt is already zero for Repository[C:\Users\soldesk\eclipse-workspace\io\.git]
2020-11-17 13:09:43,152 [Framework stop - Equinox Container: 9f10b07d-d545-44a4-8d30-9be4e21feb5b] WARN  org.eclipse.jgit.lib.Repository - close() called when useCnt is already zero for Repository[C:\Users\soldesk\eclipse-workspace\member\.git]
2020-11-17 13:26:14,630 [Worker-3: Loading available Gradle versions] INFO  o.e.b.c.i.u.g.PublishedGradleVersions - Gradle version information cache is up-to-date. Trying to read.
2020-11-17 15:21:24,885 [Worker-2: Loading available Gradle versions] INFO  o.e.b.c.i.u.g.PublishedGradleVersions - Gradle version information cache is up-to-date. Trying to read.
2020-11-17 15:27:53,966 [main] WARN  org.eclipse.jgit.lib.Repository - close() called when useCnt is already zero for Repository[C:\Users\soldesk\eclipse-workspace\basic\.git]
2020-11-17 15:31:46,371 [Worker-10: Loading available Gradle versions] INFO  o.e.b.c.i.u.g.PublishedGradleVersions - Gradle version information cache is up-to-date. Trying to read.
2020-11-17 17:26:52,444 [Worker-3: Loading available Gradle versions] INFO  o.e.b.c.i.u.g.PublishedGradleVersions - Gradle version information cache is up-to-date. Trying to read.
2020-11-19 11:21:18,490 [Worker-4: Loading available Gradle versions] INFO  o.e.b.c.i.u.g.PublishedGradleVersions - Gradle version information cache is out-of-date. Trying to update.
2020-11-19 16:24:23,603 [Worker-6: Loading available Gradle versions] INFO  o.e.b.c.i.u.g.PublishedGradleVersions - Gradle version information cache is up-to-date. Trying to read.
2020-11-19 16:24:59,811 [Worker-0: Remove Repositories] WARN  org.eclipse.jgit.lib.Repository - close() called when useCnt is already zero for Repository[C:\Users\soldesk\eclipse-workspace\basic\.git]
2020-11-19 16:26:00,346 [Worker-7: Remove Repositories] WARN  org.eclipse.jgit.lib.Repository - close() called when useCnt is already zero for Repository[C:\Users\soldesk\eclipse-workspace\io\.git]
2020-11-19 16:26:04,092 [Worker-10: Remove Repositories] WARN  org.eclipse.jgit.lib.Repository - close() called when useCnt is already zero for Repository[C:\Users\soldesk\eclipse-workspace\jdbc\.git]
2020-11-19 16:26:07,947 [Worker-7: Remove Repositories] WARN  org.eclipse.jgit.lib.Repository - close() called when useCnt is already zero for Repository[C:\Users\soldesk\eclipse-workspace\jdbc2\.git]
2020-11-19 16:27:20,344 [Worker-4: Loading available Gradle versions] INFO  o.e.b.c.i.u.g.PublishedGradleVersions - Gradle version information cache is up-to-date. Trying to read.
2020-11-19 16:50:31,559 [Worker-4: Loading available Gradle versions] INFO  o.e.b.c.i.u.g.PublishedGradleVersions - Gradle version information cache is up-to-date. Trying to read.
2020-11-19 16:50:34,776 [main] WARN  org.eclipse.jgit.lib.Repository - close() called when useCnt is already zero for Repository[C:\javasource\member\.git]
2020-11-19 16:58:51,308 [Worker-1: Remove Repositories] WARN  org.eclipse.jgit.lib.Repository - close() called when useCnt is already zero for Repository[C:\javasource\member\.git]
2020-11-19 16:58:53,551 [Worker-6: Loading available Gradle versions] INFO  o.e.b.c.i.u.g.PublishedGradleVersions - Gradle version information cache is up-to-date. Trying to read.
2020-11-19 17:22:47,909 [Worker-7: Loading available Gradle versions] INFO  o.e.b.c.i.u.g.PublishedGradleVersions - Gradle version information cache is up-to-date. Trying to read.
2020-11-19 17:22:49,951 [main] WARN  org.eclipse.jgit.lib.Repository - close() called when useCnt is already zero for Repository[C:\javasource\member\.git]
2020-11-25 14:35:24,700 [Worker-1: Loading available Gradle versions] INFO  o.e.b.c.i.u.g.PublishedGradleVersions - Gradle version information cache is up-to-date. Trying to read.
